<?xml version="1.0" encoding="UTF-8"?>
<testng-results skipped="0" failed="0" ignored="0" total="1" passed="1">
  <reporter-output>
  </reporter-output>
  <suite name="Suite" duration-ms="14562" started-at="2020-06-20T12:44:45Z" finished-at="2020-06-20T12:45:00Z">
    <groups>
      <group name="cucumber">
        <method signature="testNGRunner.feature(cucumber.api.testng.CucumberFeatureWrapper)[pri:0, instance:testRunners.testNGRunner@7f9a81e8]" name="feature" class="testRunners.testNGRunner"/>
      </group> <!-- cucumber -->
    </groups>
    <test name="Test" duration-ms="14562" started-at="2020-06-20T12:44:45Z" finished-at="2020-06-20T12:45:00Z">
      <class name="testRunners.testNGRunner">
        <test-method status="PASS" signature="setUpClass()[pri:0, instance:testRunners.testNGRunner@7f9a81e8]" name="setUpClass" is-config="true" duration-ms="206" started-at="2020-06-20T12:44:45Z" finished-at="2020-06-20T12:44:45Z">
          <reporter-output>
          </reporter-output>
        </test-method> <!-- setUpClass -->
        <test-method status="PASS" signature="feature(cucumber.api.testng.CucumberFeatureWrapper)[pri:0, instance:testRunners.testNGRunner@7f9a81e8]" name="feature" duration-ms="14261" started-at="2020-06-20T12:44:45Z" description="Runs Cucumber Feature" data-provider="features" finished-at="2020-06-20T12:45:00Z">
          <params>
            <param index="0">
              <value>
                <![CDATA[OrangeHRM Login Feature]]>
              </value>
            </param>
          </params>
          <reporter-output>
          </reporter-output>
        </test-method> <!-- feature -->
        <test-method status="PASS" signature="tearDownClass()[pri:0, instance:testRunners.testNGRunner@7f9a81e8]" name="tearDownClass" is-config="true" duration-ms="2" started-at="2020-06-20T12:45:00Z" finished-at="2020-06-20T12:45:00Z">
          <reporter-output>
          </reporter-output>
        </test-method> <!-- tearDownClass -->
      </class> <!-- testRunners.testNGRunner -->
    </test> <!-- Test -->
  </suite> <!-- Suite -->
</testng-results>
