<?xml version="1.0" encoding="UTF-8"?>
<testng-results skipped="0" failed="0" ignored="0" total="1" passed="1">
  <reporter-output>
  </reporter-output>
  <suite name="Suite" duration-ms="29676" started-at="2020-06-22T17:12:46Z" finished-at="2020-06-22T17:13:16Z">
    <groups>
      <group name="cucumber">
        <method signature="testNGRunner.feature(cucumber.api.testng.CucumberFeatureWrapper)[pri:0, instance:testRunners.testNGRunner@7f9a81e8]" name="feature" class="testRunners.testNGRunner"/>
      </group> <!-- cucumber -->
    </groups>
    <test name="Test" duration-ms="29676" started-at="2020-06-22T17:12:46Z" finished-at="2020-06-22T17:13:16Z">
      <class name="testRunners.testNGRunner">
        <test-method status="PASS" signature="setUpClass()[pri:0, instance:testRunners.testNGRunner@7f9a81e8]" name="setUpClass" is-config="true" duration-ms="254" started-at="2020-06-22T17:12:46Z" finished-at="2020-06-22T17:12:46Z">
          <reporter-output>
          </reporter-output>
        </test-method> <!-- setUpClass -->
        <test-method status="PASS" signature="feature(cucumber.api.testng.CucumberFeatureWrapper)[pri:0, instance:testRunners.testNGRunner@7f9a81e8]" name="feature" duration-ms="29270" started-at="2020-06-22T17:12:46Z" description="Runs Cucumber Feature" data-provider="features" finished-at="2020-06-22T17:13:16Z">
          <params>
            <param index="0">
              <value>
                <![CDATA[OrangeHRM Login Feature]]>
              </value>
            </param>
          </params>
          <reporter-output>
          </reporter-output>
        </test-method> <!-- feature -->
        <test-method status="PASS" signature="tearDownClass()[pri:0, instance:testRunners.testNGRunner@7f9a81e8]" name="tearDownClass" is-config="true" duration-ms="12" started-at="2020-06-22T17:13:16Z" finished-at="2020-06-22T17:13:16Z">
          <reporter-output>
          </reporter-output>
        </test-method> <!-- tearDownClass -->
      </class> <!-- testRunners.testNGRunner -->
    </test> <!-- Test -->
  </suite> <!-- Suite -->
</testng-results>
