<?xml version="1.0" encoding="UTF-8"?>
<testng-results skipped="0" failed="0" ignored="0" total="1" passed="1">
  <reporter-output>
  </reporter-output>
  <suite name="Default suite" duration-ms="8458" started-at="2020-06-14T17:04:46Z" finished-at="2020-06-14T17:04:55Z">
    <groups>
      <group name="cucumber">
        <method signature="testNGRunner.feature(cucumber.api.testng.CucumberFeatureWrapper)[pri:0, instance:testRunners.testNGRunner@3159c4b8]" name="feature" class="testRunners.testNGRunner"/>
      </group> <!-- cucumber -->
    </groups>
    <test name="Default test" duration-ms="8458" started-at="2020-06-14T17:04:46Z" finished-at="2020-06-14T17:04:55Z">
      <class name="testRunners.testNGRunner">
        <test-method status="PASS" signature="setUpClass()[pri:0, instance:testRunners.testNGRunner@3159c4b8]" name="setUpClass" is-config="true" duration-ms="194" started-at="2020-06-14T17:04:46Z" finished-at="2020-06-14T17:04:46Z">
          <reporter-output>
          </reporter-output>
        </test-method> <!-- setUpClass -->
        <test-method status="PASS" signature="feature(cucumber.api.testng.CucumberFeatureWrapper)[pri:0, instance:testRunners.testNGRunner@3159c4b8]" name="feature" duration-ms="8177" started-at="2020-06-14T17:04:46Z" description="Runs Cucumber Feature" data-provider="features" finished-at="2020-06-14T17:04:55Z">
          <params>
            <param index="0">
              <value>
                <![CDATA[OrangeHRM Login Feature]]>
              </value>
            </param>
          </params>
          <reporter-output>
          </reporter-output>
        </test-method> <!-- feature -->
        <test-method status="PASS" signature="tearDownClass()[pri:0, instance:testRunners.testNGRunner@3159c4b8]" name="tearDownClass" is-config="true" duration-ms="3" started-at="2020-06-14T17:04:55Z" finished-at="2020-06-14T17:04:55Z">
          <reporter-output>
          </reporter-output>
        </test-method> <!-- tearDownClass -->
      </class> <!-- testRunners.testNGRunner -->
    </test> <!-- Default test -->
  </suite> <!-- Default suite -->
</testng-results>
